"../../../../../Projekte/StopTheProp/Content/AdvancedVillagePack/Animations/Butterfly_Anim_Var01_Skeleton.uasset" 0
"../../../../../Projekte/StopTheProp/Content/AdvancedVillagePack/Animations/Butterfly_Anim_Var02.uasset" 1
"../../../../../Projekte/StopTheProp/Content/AdvancedVillagePack/Animations/Butterfly_Anim_Var03.uasset" 2
"../../../../../Projekte/StopTheProp/Content/AdvancedVillagePack/Animations/Butterfly_Anim_Var04.uasset" 3
"../../../../../Projekte/StopTheProp/Content/AdvancedVillagePack/Animations/Butterfly_Anim_Var05.uasset" 4
"../../../../../Projekte/StopTheProp/Content/AdvancedVillagePack/Maps/Texture2D_6_BaseColor.uasset" 5
"../../../../../Projekte/StopTheProp/Content/AdvancedVillagePack/Maps/AdvancedVillagePack_DemoScene_sharedassets/Layer01_LayerInfo.uasset" 6
"../../../../../Projekte/StopTheProp/Content/AdvancedVillagePack/Maps/TopDownVillage_DemoScene_sharedassets/Layer01_LayerInfo.uasset" 7
"../../../../../Projekte/StopTheProp/Content/AdvancedVillagePack/Maps/AdvancedVillagePack_DemoScene_sharedassets/Layer02_LayerInfo.uasset" 8
"../../../../../Projekte/StopTheProp/Content/AdvancedVillagePack/Maps/TopDownVillage_DemoScene_sharedassets/Layer02_LayerInfo.uasset" 9
"../../../../../Projekte/StopTheProp/Content/AdvancedVillagePack/Maps/AdvancedVillagePack_DemoScene_sharedassets/Layer03_LayerInfo.uasset" 10
"../../../../../Projekte/StopTheProp/Content/AdvancedVillagePack/Maps/TopDownVillage_DemoScene_sharedassets/Layer03_LayerInfo.uasset" 11
"../../../../../Projekte/StopTheProp/Content/AdvancedVillagePack/Textures/Landscape/T_Foliage_Var01_D.uasset" 12
"../../../../../Projekte/StopTheProp/Content/AdvancedVillagePack/Textures/Landscape/T_Foliage_Var01_O.uasset" 13
"../../../../../Projekte/StopTheProp/Content/AdvancedVillagePack/Textures/T_Pack_TreeLeafs_N.uasset" 14
"../../../../../Projekte/StopTheProp/Content/AdvancedVillagePack/Materials/M_Simple_Cutout_Wind.uasset" 15
"../../../../../Projekte/StopTheProp/Content/AdvancedVillagePack/Textures/Landscape/T_Foliage_Var03_D.uasset" 16
"../../../../../Projekte/StopTheProp/Content/AdvancedVillagePack/Textures/Landscape/T_Foliage_Var03_O.uasset" 17
"../../../../../Projekte/StopTheProp/Content/AdvancedVillagePack/Materials/M_Inst_Landscape_Foliage_Var03.uasset" 18
"../../../../../Projekte/StopTheProp/Content/AdvancedVillagePack/Meshes/SM_GrassPatch_Var03.uasset" 19
"../../../../../Projekte/StopTheProp/Content/Movies/BG.uasset" 20
"../../../../../Projekte/StopTheProp/Content/Movies/BG_Playist.uasset" 21
"../../../../../Projekte/StopTheProp/Content/PropHunt/Content/Mannequin/Mesh/UE4_Mannequin_Skeleton.uasset" 22
"../../../../../Projekte/StopTheProp/Content/PropHunt/Content/Animations/Idle_Rifle_Ironsights_Anim.uasset" 23
"../../../../../Projekte/StopTheProp/Content/PropHunt/Content/Animations/Jog_Bwd_Rifle_Anim.uasset" 24
"../../../../../Projekte/StopTheProp/Content/PropHunt/Content/Animations/Jog_Fwd_Rifle_Anim.uasset" 25
"../../../../../Projekte/StopTheProp/Content/PropHunt/Content/Animations/Jog_Lt_Rifle_Anim.uasset" 26
"../../../../../Projekte/StopTheProp/Content/PropHunt/Content/Animations/Jog_Rt_Rifle_Anim.uasset" 27
"../../../../../Projekte/StopTheProp/Content/PropHunt/Content/Animations/BS_RifleJogAim.uasset" 28
"../../../../../Projekte/StopTheProp/Content/PropHunt/Content/Animations/Jump_End_Anim.uasset" 29
"../../../../../Projekte/StopTheProp/Content/PropHunt/Content/Mannequin/Textures/T_UE4Man_Logo_N.uasset" 30
"../../../../../Projekte/StopTheProp/Content/PropHunt/Sounds/Soundfiles/Hax.uasset" 31
"../../../../../Projekte/StopTheProp/Content/PropHunt/Sounds/Soundfiles/Hey_Good_Meme.uasset" 32
"../../../../../Projekte/StopTheProp/Content/PropHunt/Textures/T_quick_play_icon.uasset" 33
"../../../Engine/Content/Animation/DefaultAnimCurveCompressionSettings.uasset" 34
"../../../Engine/Content/Functions/Engine_MaterialFunctions01/Opacity/CameraDepthFade.uasset" 35
"../../../Engine/Content/EngineMaterials/T_Default_Material_Grid_M.uasset" 36
"../../../Engine/Content/EngineMaterials/T_Default_Material_Grid_N.uasset" 37
"../../../Engine/Content/EngineMaterials/WorldGridMaterial.uasset" 38
"../../../Engine/Content/ArtTools/RenderToTexture/Meshes/S_1_Unit_Plane.uasset" 39
"../../../Engine/Content/EngineMaterials/DefaultMaterial.uasset" 40
"../../../Engine/Content/BasicShapes/Cone.uasset" 41
"../../../Engine/Content/BasicShapes/Cube.uasset" 42
"../../../Engine/Content/BasicShapes/Cylinder.uasset" 43
"../../../Engine/Content/BasicShapes/Plane.uasset" 44
"../../../Engine/Content/EditorLandscapeResources/DataLayer.uasset" 45
"../../../Engine/Content/EditorMaterials/MAT_Groups_Toggle.uasset" 46
"../../../Engine/Content/EditorMaterials/MAT_Groups_Visibility.uasset" 47
"../../../Engine/Content/EditorMaterials/PreviewShadowIndicator.uasset" 48
"../../../Engine/Content/EditorMaterials/PreviewShadowIndicatorMaterial.uasset" 49
"../../../Engine/Content/EditorMaterials/MatineeGroups/MAT_ColorTrack.uasset" 50
"../../../Engine/Content/EditorMaterials/MatineeGroups/MAT_Groups_Anim.uasset" 51
"../../../Engine/Content/EditorMaterials/MatineeGroups/MAT_Groups_AudioMaster.uasset" 52
"../../../Engine/Content/EditorMaterials/MatineeGroups/MAT_Groups_Director.uasset" 53
"../../../Engine/Content/EditorMaterials/MatineeGroups/MAT_Groups_Event.uasset" 54
"../../../Engine/Content/EditorMaterials/MatineeGroups/MAT_Groups_Fade.uasset" 55
"../../../Engine/Content/EditorMaterials/MatineeGroups/MAT_Groups_Float.uasset" 56
"../../../Engine/Content/EditorMaterials/MatineeGroups/MAT_Groups_Move.uasset" 57
"../../../Engine/Content/EditorMaterials/MatineeGroups/MAT_Groups_Slomo.uasset" 58
"../../../Engine/Content/EditorMaterials/MatineeGroups/MAT_Groups_Sound.uasset" 59
"../../../Engine/Content/EditorMaterials/MatineeGroups/MAT_Groups_Vector.uasset" 60
"../../../Engine/Content/EditorMaterials/ParticleSystems/PSysThumbnail_NoImage.uasset" 61
"../../../Engine/Content/EditorMaterials/ParticleSystems/PSysThumbnail_OOD.uasset" 62
"../../../Engine/Content/EditorMaterials/Camera/CineMat.uasset" 63
"../../../Engine/Content/EditorMaterials/Camera/MI_CineMat_Rig.uasset" 64
"../../../Engine/Content/EditorMeshes/Camera/SM_CraneRig_Arm.uasset" 65
"../../../Engine/Content/EditorMeshes/Camera/SM_CraneRig_Base.uasset" 66
"../../../Engine/Content/EditorMeshes/Camera/SM_CraneRig_Body.uasset" 67
"../../../Engine/Content/EditorMeshes/Camera/SM_CraneRig_Mount.uasset" 68
"../../../Engine/Content/EditorMeshes/Camera/SM_RailRig_Mount.uasset" 69
"../../../Engine/Content/EditorMeshes/Camera/SM_RailRig_Track.uasset" 70
"../../../Engine/Content/EditorResources/BSPVertex.uasset" 71
"../../../Engine/Content/EditorResources/EmptyActor.uasset" 72
"../../../Engine/Content/EditorResources/S_Actor.uasset" 73
"../../../Engine/Content/EditorResources/S_Note.uasset" 74
"../../../Engine/Content/EditorResources/S_Solver.uasset" 75
"../../../Engine/Content/EditorResources/S_Trigger.uasset" 76
"../../../Engine/Content/EditorResources/LightIcons/S_LightError.uasset" 77
"../../../Engine/Content/EditorResources/SequenceRecorder/Countdown.uasset" 78
"../../../Engine/Content/EditorResources/SequenceRecorder/RecordingIndicator.uasset" 79
"../../../Engine/Content/EditorSounds/Notifications/CompileFailed.uasset" 80
"../../../Engine/Content/EditorSounds/Notifications/CompileFailed_Cue.uasset" 81
"../../../Engine/Content/EditorSounds/Notifications/CompileSuccess.uasset" 82
"../../../Engine/Content/EditorSounds/Notifications/CompileStart_Cue.uasset" 83
"../../../Engine/Content/EditorSounds/Notifications/CompileSuccess_Cue.uasset" 84
"../../../Engine/Content/EngineDamageTypes/DmgTypeBP_Environmental.uasset" 85
"../../../Engine/Content/EngineDebugMaterials/DebugEditorMaterial.uasset" 86
"../../../Engine/Content/EngineDebugMaterials/DebugMeshMaterial.uasset" 87
"../../../Engine/Content/EngineDebugMaterials/M_SimpleTranslucent.uasset" 88
"../../../Engine/Content/Functions/Engine_MaterialFunctions02/Utility/CameraDirectionVector.uasset" 89
"../../../Engine/Content/EngineDebugMaterials/VolumeToRender.uasset" 90
"../../../Engine/Content/EngineDebugMaterials/M_VolumeRenderSphereTracePP.uasset" 91
"../../../Engine/Content/EngineDebugMaterials/WireframeMaterial.uasset" 92
"../../../Engine/Content/EngineFonts/Faces/DroidSansFallback.uasset" 93
"../../../Engine/Content/EngineFonts/Faces/RobotoBold.uasset" 94
"../../../Engine/Content/EngineFonts/Faces/RobotoBoldItalic.uasset" 95
"../../../Engine/Content/EngineFonts/Faces/RobotoItalic.uasset" 96
"../../../Engine/Content/EngineFonts/Faces/RobotoLight.uasset" 97
"../../../Engine/Content/EngineFonts/Faces/RobotoRegular.uasset" 98
"../../../Engine/Content/EngineFonts/Roboto.uasset" 99
"../../../Engine/Content/EngineMaterials/BaseFlattenDiffuseMap.uasset" 100
"../../../Engine/Content/EngineMaterials/BaseFlattenEmissiveMap.uasset" 101
"../../../Engine/Content/EngineMaterials/BaseFlattenGrayscaleMap.uasset" 102
"../../../Engine/Content/EngineMaterials/BaseFlattenNormalMap.uasset" 103
"../../../Engine/Content/EngineMaterials/BaseFlattenMaterial.uasset" 104
"../../../Engine/Content/EngineMaterials/BlueNoise.uasset" 105
"../../../Engine/Content/EngineMaterials/DefaultBloomKernel.uasset" 106
"../../../Engine/Content/EngineMaterials/DefaultBokeh.uasset" 107
"../../../Engine/Content/EngineMaterials/DefaultDiffuse.uasset" 108
"../../../Engine/Content/EngineMaterials/DefaultDeferredDecalMaterial.uasset" 109
"../../../Engine/Content/EngineMaterials/DefaultLightFunctionMaterial.uasset" 110
"../../../Engine/Content/Functions/Engine_MaterialFunctions02/Utility/BreakOutFloat2Components.uasset" 111
"../../../Engine/Content/EngineMaterials/DefaultPostProcessMaterial.uasset" 112
"../../../Engine/Content/EngineFonts/RobotoDistanceField.uasset" 113
"../../../Engine/Content/EngineMaterials/DefaultTextMaterialOpaque.uasset" 114
"../../../Engine/Content/EngineMaterials/DefaultVirtualTextureMaterial.uasset" 115
"../../../Engine/Content/EngineMaterials/DefaultWhiteGrid.uasset" 116
"../../../Engine/Content/EngineMaterials/DefaultWhiteGrid_Low.uasset" 117
"../../../Engine/Content/EngineMaterials/EmissiveMeshMaterial.uasset" 118
"../../../Engine/Content/EngineMaterials/GizmoMaterial.uasset" 119
"../../../Engine/Content/EngineMaterials/Good64x64TilingNoiseHighFreq.uasset" 120
"../../../Engine/Content/EngineMaterials/HairDefaultMaterial.uasset" 121
"../../../Engine/Content/EngineMaterials/MiniFont.uasset" 122
"../../../Engine/Content/EngineMaterials/InvalidLightmapSettings.uasset" 123
"../../../Engine/Content/EngineMaterials/M_InvalidLightmapSettings.uasset" 124
"../../../Engine/Content/Functions/Engine_MaterialFunctions02/WorldPositionOffset/CameraOffset.uasset" 125
"../../../Engine/Content/EngineMaterials/PhAT_JointLimitMaterial.uasset" 126
"../../../Engine/Content/EngineMaterials/PreintegratedSkinBRDF.uasset" 127
"../../../Engine/Content/EngineMaterials/RemoveSurfaceMaterial.uasset" 128
"../../../Engine/Content/EngineMaterials/WeightMapPlaceholderTexture.uasset" 129
"../../../Engine/Content/EngineResources/WhiteSquareTexture.uasset" 130
"../../../Engine/Content/EngineMaterials/Widget3DPassThrough.uasset" 131
"../../../Engine/Content/EngineMaterials/Widget3DPassThrough_Masked.uasset" 132
"../../../Engine/Content/EngineMaterials/Widget3DPassThrough_Opaque.uasset" 133
"../../../Engine/Content/EngineMaterials/Widget3DPassThrough_Masked_OneSided.uasset" 134
"../../../Engine/Content/EngineMaterials/Widget3DPassThrough_Opaque_OneSided.uasset" 135
"../../../Engine/Content/EngineMaterials/Widget3DPassThrough_Translucent.uasset" 136
"../../../Engine/Content/EngineMaterials/Widget3DPassThrough_Translucent_OneSided.uasset" 137
"../../../Engine/Content/EngineMeshes/Cylinder.uasset" 138
"../../../Engine/Content/EngineMeshes/Sphere.uasset" 139
"../../../Engine/Content/EngineResources/Black.uasset" 140
"../../../Engine/Content/EngineResources/DefaultTexture.uasset" 141
"../../../Engine/Content/EngineResources/DefaultTextureCube.uasset" 142
"../../../Engine/Content/EngineResources/DefaultVolumeTexture2D.uasset" 143
"../../../Engine/Content/EngineResources/DefaultVolumeTexture.uasset" 144
"../../../Engine/Content/EngineResources/GradientTexture0.uasset" 145
"../../../Engine/Content/EngineSounds/Master.uasset" 146
"../../../Engine/Content/Functions/Engine_MaterialFunctions01/Shading/ConvertFromDiffSpec.uasset" 147
"../../../Engine/Content/Functions/Engine_MaterialFunctions01/Shading/PowerToRoughness.uasset" 148
"../../../Engine/Content/Maps/Templates/Thumbnails/Default.uasset" 149
"../../../Engine/Content/Maps/Templates/Thumbnails/TimeOfDay.uasset" 150
"../../../Engine/Content/Maps/Templates/Thumbnails/VR-Basic.uasset" 151
"../../../Engine/Content/MobileResources/T_MobileControls_texture.uasset" 152
"../../../Engine/Content/MobileResources/T_MobileMenu2.uasset" 153
"../../../Engine/Content/MobileResources/HUD/AnalogHat.uasset" 154
"../../../Engine/Content/MobileResources/HUD/VirtualJoystick_Background.uasset" 155
"../../../Engine/Content/MobileResources/HUD/VirtualJoystick_Thumb.uasset" 156
"../../../Engine/Content/MobileResources/HUD/DefaultVirtualJoysticks.uasset" 157
"../../../Engine/Content/MobileResources/HUD/LeftVirtualJoystickOnly.uasset" 158
"../../../Engine/Content/MobileResources/HUD/MobileHUDButton1_off.uasset" 159
"../../../Engine/Content/MobileResources/HUD/MobileHUDButton1_on.uasset" 160
"../../../Engine/Content/MobileResources/HUD/MobileHUDButton2_off.uasset" 161
"../../../Engine/Content/MobileResources/HUD/MobileHUDButton2_on.uasset" 162
"../../../Engine/Content/MobileResources/HUD/MobileHUDButton3.uasset" 163
"../../../Engine/Content/MobileResources/HUD/MobileHUDButtonFire.uasset" 164
"../../../Engine/Content/MobileResources/HUD/MobileHUDDirectionPad.uasset" 165
"../../../Engine/Content/MobileResources/HUD/MobileHUDDirectionPad2.uasset" 166
"../../../Engine/Content/MobileResources/HUD/MobileHUDDirectionPad3.uasset" 167
"../../../Engine/Content/MobileResources/HUD/MobileHUDDirectionStick.uasset" 168
"../../../Engine/Content/MobileResources/HUD/T_Castle_ThumbstickInner.uasset" 169
"../../../Engine/Content/MobileResources/HUD/T_Castle_ThumbstickOutter.uasset" 170
"../../../Engine/Content/Tutorial/ContentIntroCurve.uasset" 171
"../../../Engine/Content/Tutorial/Basics/LevelEditorAttract.uasset" 172
"../../../Engine/Content/Tutorial/Basics/TutorialAssets/icon_tab_Levels_40x.uasset" 173
"../../../Engine/Content/Tutorial/Basics/LevelEditorOverview.uasset" 174
"../../../Engine/Content/Tutorial/SubEditors/MaterialEditorTutorial.uasset" 175
"../../../Engine/Content/Tutorial/SubEditors/TutorialAssets/TutorialMaterial.uasset" 176
"../../../Engine/Content/VREditor/LaserPointer/VR_LaserPower_01.uasset" 177
"../../../Engine/Content/VREditor/TransformGizmo/TransformGizmoMaterial.uasset" 178
"../../../Engine/Content/VREditor/TransformGizmo/TranslucentTransformGizmoMaterial.uasset" 179
"../../../Engine/Content/VREditor/TransformGizmo/BoundingBoxCorner.uasset" 180
"../../../Engine/Content/VREditor/TransformGizmo/BoundingBoxEdge.uasset" 181
"../../../Engine/Content/VREditor/TransformGizmo/PlaneTranslationHandle.uasset" 182
"../../../Engine/Content/VREditor/TransformGizmo/Main.uasset" 183
"../../../Engine/Content/VREditor/TransformGizmo/Xray.uasset" 184
"../../../Engine/Content/VREditor/TransformGizmo/SM_Sequencer_Key.uasset" 185
"../../../Engine/Content/VREditor/TransformGizmo/SM_Sequencer_Node.uasset" 186
"../../Plugins/2D/Paper2D/Content/PlaceholderTextures/DummySpriteTexture.uasset" 187
"../../Plugins/2D/Paper2D/Content/DummySprite.uasset" 188
"../../Plugins/2D/Paper2D/Content/DefaultPaperTerrainMaterial.uasset" 189
"../../Plugins/2D/Paper2D/Content/DummySpriteTexture.uasset" 190
"../../Plugins/2D/Paper2D/Content/DefaultSpriteMaterial.uasset" 191
"../../Plugins/2D/Paper2D/Content/MaskedUnlitSpriteMaterial.uasset" 192
"../../Plugins/2D/Paper2D/Content/OpaqueUnlitSpriteMaterial.uasset" 193
"../../../Engine/Content/Functions/Engine_MaterialFunctions02/Utility/BreakOutFloat4Components.uasset" 194
"../../../Engine/Content/Functions/Engine_MaterialFunctions02/Utility/MakeFloat2.uasset" 195
"../../../Engine/Content/Functions/Engine_MaterialFunctions02/Utility/MakeFloat3.uasset" 196
"../../Plugins/Runtime/Oculus/OculusVR/Content/Materials/OculusMR_ChromaKey.uasset" 197
"../../Plugins/Runtime/Oculus/OculusVR/Content/Materials/OculusMR_ChromaKey_Lit.uasset" 198
"../../Plugins/Runtime/Oculus/OculusVR/Content/Materials/OculusMR_OpaqueColoredMaterial.uasset" 199
"../../Plugins/Runtime/Oculus/OculusVR/Content/Materials/OculusMR_WhiteMaterial.uasset" 200
"../../../Engine/Content/EditorBlueprintResources/StandardMacros.uasset" 201
"../../../Engine/Content/EngineSky/C_Sky_Cloud_Color.uasset" 202
"../../../Engine/Content/EngineSky/C_Sky_Horizon_Color.uasset" 203
"../../../Engine/Content/EngineSky/C_Sky_Zenith_Color.uasset" 204
"../../../Engine/Content/EngineSky/T_Sky_Blue.uasset" 205
"../../../Engine/Content/EngineSky/T_Sky_Clouds_M.uasset" 206
"../../../Engine/Content/EngineSky/T_Sky_Stars.uasset" 207
"../../../Engine/Content/EngineSky/M_Sky_Panning_Clouds2.uasset" 208
"../../../Engine/Content/EngineSky/SM_SkySphere.uasset" 209
"../../../Engine/Content/EngineSky/BP_Sky_Sphere.uasset" 210
"../../../../../Projekte/StopTheProp/Content/AdvancedVillagePack/Animations/Butterfly_Anim_Var01_Anim.uasset" 211
"../../../../../Projekte/StopTheProp/Content/AdvancedVillagePack/Animations/Butterfly_Anim_Var02_Anim.uasset" 212
"../../../../../Projekte/StopTheProp/Content/AdvancedVillagePack/Animations/Butterfly_Anim_Var03_Anim.uasset" 213
"../../../../../Projekte/StopTheProp/Content/AdvancedVillagePack/Animations/Butterfly_Anim_Var04_Anim.uasset" 214
"../../../../../Projekte/StopTheProp/Content/AdvancedVillagePack/Animations/Butterfly_Anim_Var05_Anim.uasset" 215
"../../../../../Projekte/StopTheProp/Content/AdvancedVillagePack/Textures/Effects/T_Butterflies_D.uasset" 216
"../../../../../Projekte/StopTheProp/Content/AdvancedVillagePack/Textures/Effects/T_Butterflies_O.uasset" 217
"../../../../../Projekte/StopTheProp/Content/AdvancedVillagePack/Materials/M_Simple_Cutout.uasset" 218
"../../../../../Projekte/StopTheProp/Content/AdvancedVillagePack/Materials/M_Inst_Butterflies.uasset" 219
"../../../../../Projekte/StopTheProp/Content/AdvancedVillagePack/Animations/Butterfly_Anim_Var01.uasset" 220
"../../../../../Projekte/StopTheProp/Content/AdvancedVillagePack/Meshes/ButterflyBody.uasset" 221
"../../../../../Projekte/StopTheProp/Content/AdvancedVillagePack/Meshes/ButterflyWing.uasset" 222
"../../../../../Projekte/StopTheProp/Content/AdvancedVillagePack/Blueprints/BP_Butterfly.uasset" 223
"../../../../../Projekte/StopTheProp/Content/AdvancedVillagePack/Textures/T_Pack_11_Leafs_DO.uasset" 224
"../../../../../Projekte/StopTheProp/Content/AdvancedVillagePack/Materials/M_Pfx_Additive.uasset" 225
"../../../../../Projekte/StopTheProp/Content/AdvancedVillagePack/Textures/Effects/T_Pfx_FlamesAtlas.uasset" 226
"../../../../../Projekte/StopTheProp/Content/AdvancedVillagePack/Materials/M_Inst_Pfx_Flames.uasset" 227
"../../../../../Projekte/StopTheProp/Content/AdvancedVillagePack/Textures/Effects/T_Pfx_Spark.uasset" 228
"../../../../../Projekte/StopTheProp/Content/AdvancedVillagePack/Materials/M_Inst_Pfx_Sparks.uasset" 229
"../../../../../Projekte/StopTheProp/Content/AdvancedVillagePack/Effects/Pfx_FireCamp.uasset" 230
"../../../../../Projekte/StopTheProp/Content/AdvancedVillagePack/Effects/Pfx_LightInsectsCampFire.uasset" 231
"../../../../../Projekte/StopTheProp/Content/AdvancedVillagePack/Materials/M_Pfx_TranslucentLit.uasset" 232
"../../../../../Projekte/StopTheProp/Content/AdvancedVillagePack/Textures/Effects/T_Pfx_Smoke.uasset" 233
"../../../../../Projekte/StopTheProp/Content/AdvancedVillagePack/Materials/M_Inst_Pfx_SmokeChimney.uasset" 234
"../../../../../Projekte/StopTheProp/Content/AdvancedVillagePack/Effects/Pfx_SmokeFireCamp.uasset" 235
"../../../../../Projekte/StopTheProp/Content/AdvancedVillagePack/Textures/T_Detail_N.uasset" 236
"../../../../../Projekte/StopTheProp/Content/AdvancedVillagePack/Textures/T_Pack_01_D.uasset" 237
"../../../../../Projekte/StopTheProp/Content/AdvancedVillagePack/Textures/T_Pack_01_N.uasset" 238
"../../../../../Projekte/StopTheProp/Content/AdvancedVillagePack/Textures/T_Pack_01_RM.uasset" 239
"../../../../../Projekte/StopTheProp/Content/AdvancedVillagePack/Textures/T_Pack_03_E.uasset" 240
"../../../../../Projekte/StopTheProp/Content/AdvancedVillagePack/Materials/M_Uber.uasset" 241
"../../../../../Projekte/StopTheProp/Content/AdvancedVillagePack/Textures/T_Pack_02_D.uasset" 242
"../../../../../Projekte/StopTheProp/Content/AdvancedVillagePack/Textures/T_Pack_02_N.uasset" 243
"../../../../../Projekte/StopTheProp/Content/AdvancedVillagePack/Textures/T_Pack_02_RM.uasset" 244
"../../../../../Projekte/StopTheProp/Content/AdvancedVillagePack/Materials/M_Inst_Pack_02.uasset" 245
"../../../../../Projekte/StopTheProp/Content/AdvancedVillagePack/Meshes/SM_Fish.uasset" 246
"../../../../../Projekte/StopTheProp/Content/AdvancedVillagePack/Textures/T_Pack_06_D.uasset" 247
"../../../../../Projekte/StopTheProp/Content/AdvancedVillagePack/Textures/T_Pack_06_N.uasset" 248
"../../../../../Projekte/StopTheProp/Content/AdvancedVillagePack/Textures/T_Pack_06_RM.uasset" 249
"../../../../../Projekte/StopTheProp/Content/AdvancedVillagePack/Materials/M_Inst_Pack_06.uasset" 250
"../../../../../Projekte/StopTheProp/Content/AdvancedVillagePack/Meshes/SM_Log_Var01.uasset" 251
"../../../../../Projekte/StopTheProp/Content/AdvancedVillagePack/Meshes/SM_Log_Var02.uasset" 252
"../../../../../Projekte/StopTheProp/Content/AdvancedVillagePack/Meshes/SM_Log_Var03.uasset" 253
"../../../../../Projekte/StopTheProp/Content/AdvancedVillagePack/Meshes/SM_Spike.uasset" 254
"../../../../../Projekte/StopTheProp/Content/AdvancedVillagePack/Textures/T_Pack_08_D.uasset" 255
"../../../../../Projekte/StopTheProp/Content/AdvancedVillagePack/Textures/T_Pack_08_N.uasset" 256
"../../../../../Projekte/StopTheProp/Content/AdvancedVillagePack/Textures/T_Pack_08_RM.uasset" 257
"../../../../../Projekte/StopTheProp/Content/AdvancedVillagePack/Materials/M_Inst_Pack_08.uasset" 258
"../../../../../Projekte/StopTheProp/Content/AdvancedVillagePack/Meshes/SM_Stone_Small_Var01.uasset" 259
"../../../../../Projekte/StopTheProp/Content/AdvancedVillagePack/Meshes/SM_Stone_Small_Var02.uasset" 260
"../../../../../Projekte/StopTheProp/Content/AdvancedVillagePack/Meshes/SM_Stone_Small_Var03.uasset" 261
"../../../../../Projekte/StopTheProp/Content/AdvancedVillagePack/Meshes/SM_Stone_Small_Var04.uasset" 262
"../../../../../Projekte/StopTheProp/Content/AdvancedVillagePack/Meshes/SM_Stone_Small_Var05.uasset" 263
"../../../../../Projekte/StopTheProp/Content/AdvancedVillagePack/Blueprints/BP_CampFire.uasset" 264
"../../../../../Projekte/StopTheProp/Content/AdvancedVillagePack/Blueprints/Misc/BP_Interface_OnDayOnNight.uasset" 265
"../../../../../Projekte/StopTheProp/Content/AdvancedVillagePack/Blueprints/BP_CampFire_OnDayOnNight.uasset" 266
"../../../../../Projekte/StopTheProp/Content/AdvancedVillagePack/Effects/Pfx_FireTorch.uasset" 267
"../../../../../Projekte/StopTheProp/Content/AdvancedVillagePack/Effects/Pfx_SmokeChimney.uasset" 268
"../../../../../Projekte/StopTheProp/Content/AdvancedVillagePack/Textures/T_Pack_04_D.uasset" 269
"../../../../../Projekte/StopTheProp/Content/AdvancedVillagePack/Textures/T_Pack_04_E.uasset" 270
"../../../../../Projekte/StopTheProp/Content/AdvancedVillagePack/Textures/T_Pack_04_N.uasset" 271
"../../../../../Projekte/StopTheProp/Content/AdvancedVillagePack/Textures/T_Pack_04_RM.uasset" 272
"../../../../../Projekte/StopTheProp/Content/AdvancedVillagePack/Materials/M_Inst_Pack_04.uasset" 273
"../../../../../Projekte/StopTheProp/Content/AdvancedVillagePack/Meshes/SM_House_Var01.uasset" 274
"../../../../../Projekte/StopTheProp/Content/AdvancedVillagePack/Textures/T_Pack_05_D.uasset" 275
"../../../../../Projekte/StopTheProp/Content/AdvancedVillagePack/Textures/T_Pack_05_E.uasset" 276
"../../../../../Projekte/StopTheProp/Content/AdvancedVillagePack/Textures/T_Pack_05_N.uasset" 277
"../../../../../Projekte/StopTheProp/Content/AdvancedVillagePack/Textures/T_Pack_05_RM.uasset" 278
"../../../../../Projekte/StopTheProp/Content/AdvancedVillagePack/Materials/M_Inst_Pack_05.uasset" 279
"../../../../../Projekte/StopTheProp/Content/AdvancedVillagePack/Meshes/SM_House_Var01_Extra01.uasset" 280
"../../../../../Projekte/StopTheProp/Content/AdvancedVillagePack/Meshes/SM_House_Var01_Extra02.uasset" 281
"../../../../../Projekte/StopTheProp/Content/AdvancedVillagePack/Meshes/SM_House_Var01_Extra03.uasset" 282
"../../../../../Projekte/StopTheProp/Content/AdvancedVillagePack/Meshes/SM_House_Var01_Extra04.uasset" 283
"../../../../../Projekte/StopTheProp/Content/AdvancedVillagePack/Meshes/SM_House_Var01_Extra05.uasset" 284
"../../../../../Projekte/StopTheProp/Content/AdvancedVillagePack/Meshes/SM_House_Var01_Extra06.uasset" 285
"../../../../../Projekte/StopTheProp/Content/AdvancedVillagePack/Meshes/SM_House_Var01_Extra07.uasset" 286
"../../../../../Projekte/StopTheProp/Content/AdvancedVillagePack/Meshes/SM_House_Var01_Extra08.uasset" 287
"../../../../../Projekte/StopTheProp/Content/AdvancedVillagePack/Meshes/SM_Torch_Var02.uasset" 288
"../../../../../Projekte/StopTheProp/Content/AdvancedVillagePack/Blueprints/BP_House_Var01.uasset" 289
"../../../../../Projekte/StopTheProp/Content/AdvancedVillagePack/Blueprints/BP_House_Var01_OnDayOnNight.uasset" 290
"../../../../../Projekte/StopTheProp/Content/AdvancedVillagePack/Textures/T_Pack_09_D.uasset" 291
"../../../../../Projekte/StopTheProp/Content/AdvancedVillagePack/Textures/T_Pack_09_E.uasset" 292
"../../../../../Projekte/StopTheProp/Content/AdvancedVillagePack/Textures/T_Pack_09_N.uasset" 293
"../../../../../Projekte/StopTheProp/Content/AdvancedVillagePack/Textures/T_Pack_09_RM.uasset" 294
"../../../../../Projekte/StopTheProp/Content/AdvancedVillagePack/Materials/M_Inst_Pack_09.uasset" 295
"../../../../../Projekte/StopTheProp/Content/AdvancedVillagePack/Meshes/SM_House_Var02.uasset" 296
"../../../../../Projekte/StopTheProp/Content/AdvancedVillagePack/Meshes/SM_House_Var02_Extra.uasset" 297
"../../../../../Projekte/StopTheProp/Content/AdvancedVillagePack/Blueprints/BP_House_Var02.uasset" 298
"../../../../../Projekte/StopTheProp/Content/AdvancedVillagePack/Blueprints/BP_House_Var02_OnDayOnNight.uasset" 299
"../../../../../Projekte/StopTheProp/Content/AdvancedVillagePack/Effects/Pfx_LightInsects.uasset" 300
"../../../../../Projekte/StopTheProp/Content/AdvancedVillagePack/Textures/T_Pack_03_D.uasset" 301
"../../../../../Projekte/StopTheProp/Content/AdvancedVillagePack/Textures/T_Pack_03_N.uasset" 302
"../../../../../Projekte/StopTheProp/Content/AdvancedVillagePack/Textures/T_Pack_03_RM.uasset" 303
"../../../../../Projekte/StopTheProp/Content/AdvancedVillagePack/Materials/M_Inst_Pack_03.uasset" 304
"../../../../../Projekte/StopTheProp/Content/AdvancedVillagePack/Meshes/SM_StreetLight.uasset" 305
"../../../../../Projekte/StopTheProp/Content/AdvancedVillagePack/Blueprints/BP_Street_Lamp.uasset" 306
"../../../../../Projekte/StopTheProp/Content/AdvancedVillagePack/Blueprints/BP_Street_Lamp_OnDayOnNight.uasset" 307
"../../../../../Projekte/StopTheProp/Content/AdvancedVillagePack/Materials/M_Pfx_Diffuse_TwoSidedFoliage.uasset" 308
"../../../../../Projekte/StopTheProp/Content/AdvancedVillagePack/Materials/M_Inst_Pfx_Leafs.uasset" 309
"../../../../../Projekte/StopTheProp/Content/AdvancedVillagePack/Effects/Pfx_FallingLeafs.uasset" 310
"../../../../../Projekte/StopTheProp/Content/AdvancedVillagePack/Textures/T_Pack_TreeLeafs_D.uasset" 311
"../../../../../Projekte/StopTheProp/Content/AdvancedVillagePack/Textures/T_Pack_TreeLeafs_Mask.uasset" 312
"../../../../../Projekte/StopTheProp/Content/AdvancedVillagePack/Textures/T_Pack_TreeLeafs_O.uasset" 313
"../../../../../Projekte/StopTheProp/Content/AdvancedVillagePack/Textures/T_Pack_TreeLeafs_RM.uasset" 314
"../../../../../Projekte/StopTheProp/Content/AdvancedVillagePack/Materials/M_Uber_Cutout_Wind.uasset" 315
"../../../../../Projekte/StopTheProp/Content/AdvancedVillagePack/Materials/M_Inst_TreeLeafs.uasset" 316
"../../../../../Projekte/StopTheProp/Content/AdvancedVillagePack/Textures/T_Pack_TreeTrunks_D.uasset" 317
"../../../../../Projekte/StopTheProp/Content/AdvancedVillagePack/Textures/T_Pack_TreeTrunks_N.uasset" 318
"../../../../../Projekte/StopTheProp/Content/AdvancedVillagePack/Textures/T_Pack_TreeTrunks_RM.uasset" 319
"../../../../../Projekte/StopTheProp/Content/AdvancedVillagePack/Materials/M_Inst_TreeTrunks.uasset" 320
"../../../../../Projekte/StopTheProp/Content/AdvancedVillagePack/Meshes/SM_Tree_Var01.uasset" 321
"../../../../../Projekte/StopTheProp/Content/AdvancedVillagePack/Meshes/SM_Tree_Var02.uasset" 322
"../../../../../Projekte/StopTheProp/Content/AdvancedVillagePack/Meshes/SM_Tree_Var03.uasset" 323
"../../../../../Projekte/StopTheProp/Content/AdvancedVillagePack/Meshes/SM_Tree_Var04.uasset" 324
"../../../../../Projekte/StopTheProp/Content/AdvancedVillagePack/Meshes/SM_Tree_Var05.uasset" 325
"../../../../../Projekte/StopTheProp/Content/AdvancedVillagePack/Blueprints/BP_Tree.uasset" 326
"../../../../../Projekte/StopTheProp/Content/AdvancedVillagePack/Textures/T_Pack_06_O.uasset" 327
"../../../../../Projekte/StopTheProp/Content/AdvancedVillagePack/Materials/M_Uber_Cutout.uasset" 328
"../../../../../Projekte/StopTheProp/Content/AdvancedVillagePack/Materials/M_Inst_Pack_06_Cutout.uasset" 329
"../../../../../Projekte/StopTheProp/Content/AdvancedVillagePack/Meshes/SM_Flower_Var01.uasset" 330
"../../../../../Projekte/StopTheProp/Content/AdvancedVillagePack/Meshes/SM_Flower_Var02.uasset" 331
"../../../../../Projekte/StopTheProp/Content/AdvancedVillagePack/Meshes/SM_Flower_Var03.uasset" 332
"../../../../../Projekte/StopTheProp/Content/AdvancedVillagePack/Meshes/SM_Flower_Var04.uasset" 333
"../../../../../Projekte/StopTheProp/Content/AdvancedVillagePack/Meshes/SM_Flower_Var05.uasset" 334
"../../../../../Projekte/StopTheProp/Content/AdvancedVillagePack/Meshes/SM_Flower_Var06.uasset" 335
"../../../../../Projekte/StopTheProp/Content/AdvancedVillagePack/Materials/M_Inst_Landscape_Foliage_Var01.uasset" 336
"../../../../../Projekte/StopTheProp/Content/AdvancedVillagePack/Meshes/SM_GrassPatch_Var01.uasset" 337
"../../../../../Projekte/StopTheProp/Content/AdvancedVillagePack/Textures/Landscape/T_Foliage_Var02_D.uasset" 338
"../../../../../Projekte/StopTheProp/Content/AdvancedVillagePack/Textures/Landscape/T_Foliage_Var02_O.uasset" 339
"../../../../../Projekte/StopTheProp/Content/AdvancedVillagePack/Materials/M_Inst_Landscape_Foliage_Var02.uasset" 340
"../../../../../Projekte/StopTheProp/Content/AdvancedVillagePack/Meshes/SM_GrassPatch_Var02.uasset" 341
"../../../../../Projekte/StopTheProp/Content/AdvancedVillagePack/Meshes/SM_Well.uasset" 342
"../../../../../Projekte/StopTheProp/Content/AdvancedVillagePack/Meshes/SM_Well_Extra01.uasset" 343
"../../../../../Projekte/StopTheProp/Content/AdvancedVillagePack/Meshes/SM_Well_Extra02.uasset" 344
"../../../../../Projekte/StopTheProp/Content/AdvancedVillagePack/Meshes/SM_Well_Extra03.uasset" 345
"../../../../../Projekte/StopTheProp/Content/AdvancedVillagePack/Meshes/SM_Well_Extra04.uasset" 346
"../../../../../Projekte/StopTheProp/Content/AdvancedVillagePack/Blueprints/BP_Well.uasset" 347
"../../../../../Projekte/StopTheProp/Content/AdvancedVillagePack/Blueprints/Misc/BP_Misc_Text.uasset" 348
"../../../Engine/Content/TemplateResources/M_Template_Master.uasset" 349
"../../../Engine/Content/TemplateResources/MI_Template_BaseGray_03_Metal.uasset" 350
"../../../../../Projekte/StopTheProp/Content/AdvancedVillagePack/Materials/M_Pfx_DustParticles.uasset" 351
"../../../../../Projekte/StopTheProp/Content/AdvancedVillagePack/Effects/Pfx_DustParticles.uasset" 352
"../../../../../Projekte/StopTheProp/Content/AdvancedVillagePack/Effects/Pfx_Mist.uasset" 353
"../../../../../Projekte/StopTheProp/Content/AdvancedVillagePack/Meshes/SM_Apple.uasset" 354
"../../../../../Projekte/StopTheProp/Content/AdvancedVillagePack/Meshes/SM_Axe.uasset" 355
"../../../../../Projekte/StopTheProp/Content/AdvancedVillagePack/Materials/M_Inst_Pack_01.uasset" 356
"../../../../../Projekte/StopTheProp/Content/AdvancedVillagePack/Meshes/SM_Barrel.uasset" 357
"../../../../../Projekte/StopTheProp/Content/AdvancedVillagePack/Textures/T_Pack_07_D.uasset" 358
"../../../../../Projekte/StopTheProp/Content/AdvancedVillagePack/Textures/T_Pack_07_N.uasset" 359
"../../../../../Projekte/StopTheProp/Content/AdvancedVillagePack/Textures/T_Pack_07_RM.uasset" 360
"../../../../../Projekte/StopTheProp/Content/AdvancedVillagePack/Materials/M_Inst_Pack_07.uasset" 361
"../../../../../Projekte/StopTheProp/Content/AdvancedVillagePack/Meshes/SM_Boat.uasset" 362
"../../../../../Projekte/StopTheProp/Content/AdvancedVillagePack/Meshes/SM_Bridge_Var01.uasset" 363
"../../../../../Projekte/StopTheProp/Content/AdvancedVillagePack/Meshes/SM_Bridge_Var02.uasset" 364
"../../../../../Projekte/StopTheProp/Content/AdvancedVillagePack/Meshes/SM_Bridge_Var03.uasset" 365
"../../../../../Projekte/StopTheProp/Content/AdvancedVillagePack/Meshes/SM_Bridge_Var04.uasset" 366
"../../../../../Projekte/StopTheProp/Content/AdvancedVillagePack/Meshes/SM_Bucket.uasset" 367
"../../../../../Projekte/StopTheProp/Content/AdvancedVillagePack/Meshes/SM_Cart_Var01.uasset" 368
"../../../../../Projekte/StopTheProp/Content/AdvancedVillagePack/Meshes/SM_Cart_Var02.uasset" 369
"../../../../../Projekte/StopTheProp/Content/AdvancedVillagePack/Meshes/SM_Cauldron.uasset" 370
"../../../../../Projekte/StopTheProp/Content/AdvancedVillagePack/Meshes/SM_Crate_Closed.uasset" 371
"../../../../../Projekte/StopTheProp/Content/AdvancedVillagePack/Meshes/SM_Crate_Open.uasset" 372
"../../../../../Projekte/StopTheProp/Content/AdvancedVillagePack/Meshes/SM_Fence_Var01.uasset" 373
"../../../../../Projekte/StopTheProp/Content/AdvancedVillagePack/Meshes/SM_Fence_Var02.uasset" 374
"../../../../../Projekte/StopTheProp/Content/AdvancedVillagePack/Meshes/SM_Fence_Var03.uasset" 375
"../../../../../Projekte/StopTheProp/Content/AdvancedVillagePack/Meshes/SM_Fence_Var04.uasset" 376
"../../../../../Projekte/StopTheProp/Content/AdvancedVillagePack/Meshes/SM_Hay_Small_Var01.uasset" 377
"../../../../../Projekte/StopTheProp/Content/AdvancedVillagePack/Meshes/SM_Hay_Small_Var02.uasset" 378
"../../../../../Projekte/StopTheProp/Content/AdvancedVillagePack/Meshes/SM_Hay_Stack.uasset" 379
"../../../../../Projekte/StopTheProp/Content/AdvancedVillagePack/Materials/M_Inst_Pack_05_LightsOn.uasset" 380
"../../../../../Projekte/StopTheProp/Content/AdvancedVillagePack/Meshes/SM_House_Var01_Extra01_LightsOn.uasset" 381
"../../../../../Projekte/StopTheProp/Content/AdvancedVillagePack/Meshes/SM_House_Var01_Extra02_LightsOn.uasset" 382
"../../../../../Projekte/StopTheProp/Content/AdvancedVillagePack/Materials/M_Inst_Pack_04_LightsOn.uasset" 383
"../../../../../Projekte/StopTheProp/Content/AdvancedVillagePack/Meshes/SM_House_Var01_LightsOn.uasset" 384
"../../../../../Projekte/StopTheProp/Content/AdvancedVillagePack/Materials/M_Inst_Pack_09_LightsOn.uasset" 385
"../../../../../Projekte/StopTheProp/Content/AdvancedVillagePack/Meshes/SM_House_Var02_LightsOn.uasset" 386
"../../../../../Projekte/StopTheProp/Content/AdvancedVillagePack/Meshes/SM_Ladder.uasset" 387
"../../../../../Projekte/StopTheProp/Content/AdvancedVillagePack/Meshes/SM_Log_Var04.uasset" 388
"../../../../../Projekte/StopTheProp/Content/AdvancedVillagePack/Meshes/SM_Logs_Var01.uasset" 389
"../../../../../Projekte/StopTheProp/Content/AdvancedVillagePack/Meshes/SM_Logs_Var02.uasset" 390
"../../../../../Projekte/StopTheProp/Content/AdvancedVillagePack/Meshes/SM_Mushroom_Var01.uasset" 391
"../../../../../Projekte/StopTheProp/Content/AdvancedVillagePack/Meshes/SM_Mushroom_Var02.uasset" 392
"../../../../../Projekte/StopTheProp/Content/AdvancedVillagePack/Meshes/SM_Mushroom_Var03.uasset" 393
"../../../../../Projekte/StopTheProp/Content/AdvancedVillagePack/Meshes/SM_Mushroom_Var04.uasset" 394
"../../../../../Projekte/StopTheProp/Content/AdvancedVillagePack/Meshes/SM_Mushroom_Var05.uasset" 395
"../../../../../Projekte/StopTheProp/Content/AdvancedVillagePack/Meshes/SM_Mushroom_Var06.uasset" 396
"../../../../../Projekte/StopTheProp/Content/AdvancedVillagePack/Meshes/SM_Pitchfork.uasset" 397
"../../../../../Projekte/StopTheProp/Content/AdvancedVillagePack/Meshes/SM_Plant.uasset" 398
"../../../../../Projekte/StopTheProp/Content/AdvancedVillagePack/Meshes/SM_Pot_Var01.uasset" 399
"../../../../../Projekte/StopTheProp/Content/AdvancedVillagePack/Meshes/SM_Pot_Var02.uasset" 400
"../../../../../Projekte/StopTheProp/Content/AdvancedVillagePack/Meshes/SM_Pot_Var03.uasset" 401
"../../../../../Projekte/StopTheProp/Content/AdvancedVillagePack/Meshes/SM_Pot_Var04.uasset" 402
"../../../../../Projekte/StopTheProp/Content/AdvancedVillagePack/Meshes/SM_Pot_Var05.uasset" 403
"../../../../../Projekte/StopTheProp/Content/AdvancedVillagePack/Meshes/SM_Pot_Var06.uasset" 404
"../../../../../Projekte/StopTheProp/Content/AdvancedVillagePack/Meshes/SM_Potato.uasset" 405
"../../../../../Projekte/StopTheProp/Content/AdvancedVillagePack/Meshes/SM_Pumpkin_Var01.uasset" 406
"../../../../../Projekte/StopTheProp/Content/AdvancedVillagePack/Meshes/SM_Pumpkin_Var02.uasset" 407
"../../../../../Projekte/StopTheProp/Content/AdvancedVillagePack/Meshes/SM_Pumpkin_Var03.uasset" 408
"../../../../../Projekte/StopTheProp/Content/AdvancedVillagePack/Meshes/SM_Sack_Apple.uasset" 409
"../../../../../Projekte/StopTheProp/Content/AdvancedVillagePack/Meshes/SM_Sack_Flour.uasset" 410
"../../../../../Projekte/StopTheProp/Content/AdvancedVillagePack/Meshes/SM_Sack_Potato.uasset" 411
"../../../../../Projekte/StopTheProp/Content/AdvancedVillagePack/Meshes/SM_Sack_Tomato.uasset" 412
"../../../../../Projekte/StopTheProp/Content/AdvancedVillagePack/Meshes/SM_Sack_Var01.uasset" 413
"../../../../../Projekte/StopTheProp/Content/AdvancedVillagePack/Meshes/SM_Sack_Var02.uasset" 414
"../../../../../Projekte/StopTheProp/Content/AdvancedVillagePack/Meshes/SM_SackWithApples.uasset" 415
"../../../../../Projekte/StopTheProp/Content/AdvancedVillagePack/Meshes/SM_SackWithPotatoes.uasset" 416
"../../../../../Projekte/StopTheProp/Content/AdvancedVillagePack/Meshes/SM_SackWithTomatoes.uasset" 417
"../../../../../Projekte/StopTheProp/Content/AdvancedVillagePack/Meshes/SM_Stone_Big_Var01.uasset" 418
"../../../../../Projekte/StopTheProp/Content/AdvancedVillagePack/Meshes/SM_Stone_Big_Var02.uasset" 419
"../../../../../Projekte/StopTheProp/Content/AdvancedVillagePack/Meshes/SM_Stone_Big_Var03.uasset" 420
"../../../../../Projekte/StopTheProp/Content/AdvancedVillagePack/Meshes/SM_Stone_Big_Var04.uasset" 421
"../../../../../Projekte/StopTheProp/Content/AdvancedVillagePack/Meshes/SM_Stone_Big_Var05.uasset" 422
"../../../../../Projekte/StopTheProp/Content/AdvancedVillagePack/Meshes/SM_Stone_Medium_Var01.uasset" 423
"../../../../../Projekte/StopTheProp/Content/AdvancedVillagePack/Meshes/SM_Stone_Medium_Var02.uasset" 424
"../../../../../Projekte/StopTheProp/Content/AdvancedVillagePack/Meshes/SM_Stone_Medium_Var03.uasset" 425
"../../../../../Projekte/StopTheProp/Content/AdvancedVillagePack/Meshes/SM_Stone_Medium_Var04.uasset" 426
"../../../../../Projekte/StopTheProp/Content/AdvancedVillagePack/Meshes/SM_Stone_Medium_Var05.uasset" 427
"../../../../../Projekte/StopTheProp/Content/AdvancedVillagePack/Meshes/SM_StoneFlat_Var01.uasset" 428
"../../../../../Projekte/StopTheProp/Content/AdvancedVillagePack/Meshes/SM_StoneFlat_Var02.uasset" 429
"../../../../../Projekte/StopTheProp/Content/AdvancedVillagePack/Meshes/SM_StoneFlat_Var03.uasset" 430
"../../../../../Projekte/StopTheProp/Content/AdvancedVillagePack/Meshes/SM_StoneFlat_Var04.uasset" 431
"../../../../../Projekte/StopTheProp/Content/AdvancedVillagePack/Meshes/SM_StoneFlat_Var05.uasset" 432
"../../../../../Projekte/StopTheProp/Content/AdvancedVillagePack/Meshes/SM_Stonepath_Var01.uasset" 433
"../../../../../Projekte/StopTheProp/Content/AdvancedVillagePack/Meshes/SM_Stonepath_Var02.uasset" 434
"../../../../../Projekte/StopTheProp/Content/AdvancedVillagePack/Meshes/SM_Stonepath_Var03.uasset" 435
"../../../../../Projekte/StopTheProp/Content/AdvancedVillagePack/Materials/M_Inst_Pack_03_LightsOn.uasset" 436
"../../../../../Projekte/StopTheProp/Content/AdvancedVillagePack/Meshes/SM_StreetLight_LightsOn.uasset" 437
"../../../../../Projekte/StopTheProp/Content/AdvancedVillagePack/Meshes/SM_Tomato.uasset" 438
"../../../../../Projekte/StopTheProp/Content/AdvancedVillagePack/Meshes/SM_Torch_Var01.uasset" 439
"../../../../../Projekte/StopTheProp/Content/AdvancedVillagePack/Meshes/SM_Treestump_Var01.uasset" 440
"../../../../../Projekte/StopTheProp/Content/AdvancedVillagePack/Meshes/SM_Treestump_Var02.uasset" 441
"../../../../../Projekte/StopTheProp/Content/AdvancedVillagePack/Meshes/SM_Watermellon.uasset" 442
"../../../../../Projekte/StopTheProp/Content/AdvancedVillagePack/Meshes/SM_Wheel.uasset" 443
"../../../../../Projekte/StopTheProp/Content/AdvancedVillagePack/Maps/AdvancedVillagePack_Overview.umap" 444
"../../../../../Projekte/StopTheProp/Content/AdvancedVillagePack/Blueprints/Misc/BP_Misc_DayNight_Cycle.uasset" 445
"../../../../../Projekte/StopTheProp/Content/PropHunt/Blueprints/Kernel/BP_SpawnPoint.uasset" 446
"../../../../../Projekte/StopTheProp/Content/PropHunt/Materials/Textures/T_RoomTiles_M.uasset" 447
"../../../../../Projekte/StopTheProp/Content/PropHunt/Materials/Textures/T_RoomTiles_N.uasset" 448
"../../../../../Projekte/StopTheProp/Content/PropHunt/Materials/M_TilesSmall.uasset" 449
"../../../../../Projekte/StopTheProp/Content/PropHunt/Materials/MI_TilesYellow.uasset" 450
"../../../../../Projekte/StopTheProp/Content/PropHunt/Meshes/SM_SmoothCube.uasset" 451
"../../../../../Projekte/StopTheProp/Content/PropHunt/Blueprints/Props/BP_BaseProp.uasset" 452
"../../../../../Projekte/StopTheProp/Content/PropHunt/Blueprints/Props/Village/BP_AppleSack.uasset" 453
"../../../../../Projekte/StopTheProp/Content/PropHunt/Blueprints/Props/BP_AppleSack.uasset" 454
"../../../../../Projekte/StopTheProp/Content/PropHunt/Blueprints/Props/Village/BP_Barrel_Prop.uasset" 455
"../../../../../Projekte/StopTheProp/Content/PropHunt/Blueprints/Props/BP_Barrel_Prop.uasset" 456
"../../../../../Projekte/StopTheProp/Content/PropHunt/Blueprints/Props/Village/BP_Box.uasset" 457
"../../../../../Projekte/StopTheProp/Content/PropHunt/Blueprints/Props/BP_Box.uasset" 458
"../../../../../Projekte/StopTheProp/Content/PropHunt/Blueprints/Props/Village/BP_Bucket.uasset" 459
"../../../../../Projekte/StopTheProp/Content/PropHunt/Blueprints/Props/BP_Bucket.uasset" 460
"../../../../../Projekte/StopTheProp/Content/PropHunt/Blueprints/Props/Village/BP_FlourSack.uasset" 461
"../../../../../Projekte/StopTheProp/Content/PropHunt/Blueprints/Props/BP_FlourSack.uasset" 462
"../../../../../Projekte/StopTheProp/Content/PropHunt/Blueprints/Props/Village/BP_Kirbis.uasset" 463
"../../../../../Projekte/StopTheProp/Content/PropHunt/Blueprints/Props/BP_Kirbis.uasset" 464
"../../../../../Projekte/StopTheProp/Content/PropHunt/Blueprints/Props/Village/BP_Logs.uasset" 465
"../../../../../Projekte/StopTheProp/Content/PropHunt/Blueprints/Props/BP_Logs.uasset" 466
"../../../../../Projekte/StopTheProp/Content/PropHunt/Blueprints/Props/Village/BP_Pot_Prop.uasset" 467
"../../../../../Projekte/StopTheProp/Content/PropHunt/Blueprints/Props/BP_Pot_Prop.uasset" 468
"../../../../../Projekte/StopTheProp/Content/AdvancedVillagePack/Textures/Landscape/T_Landscape_Grass_DH.uasset" 469
"../../../../../Projekte/StopTheProp/Content/AdvancedVillagePack/Textures/Landscape/T_Landscape_Grass_N.uasset" 470
"../../../../../Projekte/StopTheProp/Content/AdvancedVillagePack/Textures/Landscape/T_Landscape_Pebbles_DH.uasset" 471
"../../../../../Projekte/StopTheProp/Content/AdvancedVillagePack/Textures/Landscape/T_Landscape_Pebbles_N.uasset" 472
"../../../../../Projekte/StopTheProp/Content/AdvancedVillagePack/Textures/Landscape/T_Landscape_Soil_DH.uasset" 473
"../../../../../Projekte/StopTheProp/Content/AdvancedVillagePack/Textures/Landscape/T_Landscape_Soil_N.uasset" 474
"../../../../../Projekte/StopTheProp/Content/AdvancedVillagePack/Materials/M_Landscape.uasset" 475
"../../../../../Projekte/StopTheProp/Content/AdvancedVillagePack/Materials/M_Inst_Landscape.uasset" 476
"../../../../../Projekte/StopTheProp/Content/AdvancedVillagePack/Textures/Effects/T_Water_N.uasset" 477
"../../../../../Projekte/StopTheProp/Content/AdvancedVillagePack/Materials/M_Water.uasset" 478
"../../../../../Projekte/StopTheProp/Content/AdvancedVillagePack/Materials/M_Inst_Water.uasset" 479
"../../../Engine/Content/EngineMaterials/DefaultPhysicalMaterial.uasset" 480
"../../../../../Projekte/StopTheProp/Content/AdvancedVillagePack/Meshes/SM_Plane_1x1.uasset" 481
"../../../../../Projekte/StopTheProp/Content/AdvancedVillagePack/Maps/AdvancedVillagePack_Showcase.umap" 482
"../../../../../Projekte/StopTheProp/Content/PropHunt/Blueprints/Helpers/BP_MacroHelpers.uasset" 483
"../../../../../Projekte/StopTheProp/Content/PropHunt/Content/Animations/Idle_Rifle_Hip_Anim.uasset" 484
"../../../../../Projekte/StopTheProp/Content/PropHunt/Content/Animations/Aim_Hip_Center_Anim.uasset" 485
"../../../../../Projekte/StopTheProp/Content/PropHunt/Content/Animations/Aim_Hip_Down_Anim.uasset" 486
"../../../../../Projekte/StopTheProp/Content/PropHunt/Content/Animations/Aim_Hip_Up_Anim.uasset" 487
"../../../../../Projekte/StopTheProp/Content/PropHunt/Content/Animations/AO_Rifle_Hip.uasset" 488
"../../../../../Projekte/StopTheProp/Content/PropHunt/Content/Animations/Aim_Ironsights_Center_Anim.uasset" 489
"../../../../../Projekte/StopTheProp/Content/PropHunt/Content/Animations/Aim_Ironsights_Down_Anim.uasset" 490
"../../../../../Projekte/StopTheProp/Content/PropHunt/Content/Animations/Aim_Ironsights_Up_Anim.uasset" 491
"../../../../../Projekte/StopTheProp/Content/PropHunt/Content/Animations/AO_Rifle_Ironsights.uasset" 492
"../../../../../Projekte/StopTheProp/Content/PropHunt/Content/Animations/Idle_Pistol_Anim.uasset" 493
"../../../../../Projekte/StopTheProp/Content/PropHunt/Content/Animations/Jump_Anim.uasset" 494
"../../../../../Projekte/StopTheProp/Content/PropHunt/Content/Animations/Jump_Loop_Anim.uasset" 495
"../../../../../Projekte/StopTheProp/Content/PropHunt/Content/Animations/Jump_Start_Anim.uasset" 496
"../../../../../Projekte/StopTheProp/Content/PropHunt/Content/Animations/Sprint_Fwd_Rifle_Anim.uasset" 497
"../../../../../Projekte/StopTheProp/Content/PropHunt/Content/Animations/Walk_Bwd_Rifle_Ironsights_Anim.uasset" 498
"../../../../../Projekte/StopTheProp/Content/PropHunt/Content/Animations/Walk_Fwd_Rifle_Ironsights_Anim.uasset" 499
"../../../../../Projekte/StopTheProp/Content/PropHunt/Content/Animations/Walk_Lt_Rifle_Ironsights_Anim.uasset" 500
"../../../../../Projekte/StopTheProp/Content/PropHunt/Content/Animations/Walk_Rt_Rifle_Ironsights_Anim.uasset" 501
"../../../../../Projekte/StopTheProp/Content/PropHunt/Content/Animations/BS_RifleAimingWalk.uasset" 502
"../../../../../Projekte/StopTheProp/Content/PropHunt/Content/Animations/Crouch_Idle_Rifle_Ironsights_Anim.uasset" 503
"../../../../../Projekte/StopTheProp/Content/PropHunt/Content/Animations/Crouch_Walk_Bwd_Rifle_Ironsights_Anim.uasset" 504
"../../../../../Projekte/StopTheProp/Content/PropHunt/Content/Animations/Crouch_Walk_Fwd_Rifle_Ironsights_Anim.uasset" 505
"../../../../../Projekte/StopTheProp/Content/PropHunt/Content/Animations/Crouch_Walk_Lt_Rifle_Ironsights_Anim.uasset" 506
"../../../../../Projekte/StopTheProp/Content/PropHunt/Content/Animations/Crouch_Walk_Rt_Rifle_Ironsights_Anim.uasset" 507
"../../../../../Projekte/StopTheProp/Content/PropHunt/Content/Animations/BS_RifleCrouch.uasset" 508
"../../../../../Projekte/StopTheProp/Content/PropHunt/Content/Animations/BS_RifleJog.uasset" 509
"../../../../../Projekte/StopTheProp/Content/PropHunt/Blueprints/Interfaces/BP_I_ArmedCharacter.uasset" 510
"../../../../../Projekte/StopTheProp/Content/PropHunt/Blueprints/Weapons/E_WeaponLocation.uasset" 511
"../../../../../Projekte/StopTheProp/Content/PropHunt/Blueprints/Weapons/E_WeaponType.uasset" 512
"../../../../../Projekte/StopTheProp/Content/PropHunt/Blueprints/Interfaces/BP_I_Weapon.uasset" 513
"../../../../../Projekte/StopTheProp/Content/PropHunt/Blueprints/Characters/AnimBP_HunterCharacter.uasset" 514
"../../../Engine/Content/EditorBlueprintResources/ActorMacros.uasset" 515
"../../../../../Projekte/StopTheProp/Content/PropHunt/Blueprints/Characters/BP_HealthManager.uasset" 516
"../../../../../Projekte/StopTheProp/Content/PropHunt/Content/Animations/Equip_Rifle_Standing_Anim.uasset" 517
"../../../../../Projekte/StopTheProp/Content/PropHunt/Content/Animations/RifleEquip_Montage.uasset" 518
"../../../../../Projekte/StopTheProp/Content/PropHunt/Content/Animations/Reload_Rifle_Ironsights_Anim.uasset" 519
"../../../../../Projekte/StopTheProp/Content/PropHunt/Content/Animations/RifleReload_Montage.uasset" 520
"../../../../../Projekte/StopTheProp/Content/PropHunt/Blueprints/Interfaces/BP_I_PlayerStats.uasset" 521
"../../../../../Projekte/StopTheProp/Content/PropHunt/Blueprints/Interfaces/BP_I_TeamPlayer.uasset" 522
"../../../../../Projekte/StopTheProp/Content/PropHunt/Blueprints/Interfaces/BP_I_BaseCharacter.uasset" 523
"../../../../../Projekte/StopTheProp/Content/PropHunt/Blueprints/Kernel/E_GlobalState.uasset" 524
"../../../../../Projekte/StopTheProp/Content/PropHunt/Blueprints/Interfaces/BP_I_BasePlayerController.uasset" 525
"../../../../../Projekte/StopTheProp/Content/Movies/MP_Background.uasset" 526
"../../../../../Projekte/StopTheProp/Content/Movies/MP_Background_Video.uasset" 527
"../../../../../Projekte/StopTheProp/Content/PropHunt/Textures/T_background.uasset" 528
"../../../../../Projekte/StopTheProp/Content/PropHunt/Blueprints/Widgets/MainMenu/BP_W_BG.uasset" 529
"../../../../../Projekte/StopTheProp/Content/PropHunt/Blueprints/Widgets/MainMenu/BP_W_ConnectLoading.uasset" 530
"../../../../../Projekte/StopTheProp/Content/PropHunt/Blueprints/Widgets/MainMenu/BP_W_FAQ.uasset" 531
"../../../../../Projekte/StopTheProp/Content/PropHunt/Blueprints/Widgets/MainMenu/BP_WE_TopMenu.uasset" 532
"../../../../../Projekte/StopTheProp/Content/PropHunt/Textures/T_host_game_icon.uasset" 533
"../../../../../Projekte/StopTheProp/Content/PropHunt/Textures/T_server_browser_icon.uasset" 534
"../../../../../Projekte/StopTheProp/Content/PropHunt/Textures/time.uasset" 535
"../../../../../Projekte/StopTheProp/Content/PropHunt/Blueprints/Widgets/MainMenu/BP_W_Home.uasset" 536
"../../../../../Projekte/StopTheProp/Content/PropHunt/Blueprints/Kernel/E_GameMode.uasset" 537
"../../../../../Projekte/StopTheProp/Content/PropHunt/Blueprints/Widgets/MainMenu/BP_W_HostGame.uasset" 538
"../../../../../Projekte/StopTheProp/Content/PropHunt/Blueprints/Widgets/MainMenu/BP_W_NetworkError.uasset" 539
"../../../../../Projekte/StopTheProp/Content/PropHunt/Blueprints/Widgets/MainMenu/BP_WE_FoundSession.uasset" 540
"../../../../../Projekte/StopTheProp/Content/PropHunt/Blueprints/Widgets/MainMenu/BP_W_ServerBrowser.uasset" 541
"../../../../../Projekte/StopTheProp/Content/PropHunt/Textures/T_settings_btn_left.uasset" 542
"../../../../../Projekte/StopTheProp/Content/PropHunt/Textures/T_settings_btn_right.uasset" 543
"../../../../../Projekte/StopTheProp/Content/PropHunt/Blueprints/Widgets/MainMenu/BP_W_Settings.uasset" 544
"../../../../../Projekte/StopTheProp/Content/PropHunt/Blueprints/MainMenu/BP_MainMenu_HUD.uasset" 545
"../../../../../Projekte/StopTheProp/Content/PropHunt/Blueprints/Kernel/BP_MainGI.uasset" 546
"../../../../../Projekte/StopTheProp/Content/PropHunt/Blueprints/Kernel/BP_Kernel_PC.uasset" 547
"../../../../../Projekte/StopTheProp/Content/PropHunt/Blueprints/Widgets/Chat/BP_WE_ChatMessage.uasset" 548
"../../../../../Projekte/StopTheProp/Content/PropHunt/Blueprints/Widgets/Chat/BP_W_GameChat.uasset" 549
"../../../../../Projekte/StopTheProp/Content/PropHunt/Blueprints/Widgets/Game/BP_W_Help.uasset" 550
"../../../../../Projekte/StopTheProp/Content/PropHunt/Textures/T_ammo_hud_icon.uasset" 551
"../../../../../Projekte/StopTheProp/Content/PropHunt/Textures/T_crosshair.uasset" 552
"../../../../../Projekte/StopTheProp/Content/PropHunt/Textures/T_CrosshairHitIndicator.uasset" 553
"../../../../../Projekte/StopTheProp/Content/PropHunt/Textures/T_health_hud.uasset" 554
"../../../../../Projekte/StopTheProp/Content/PropHunt/Blueprints/Widgets/Game/BP_W_HUD.uasset" 555
"../../../../../Projekte/StopTheProp/Content/Movies/MP_Background_Video_Mat.uasset" 556
"../../../../../Projekte/StopTheProp/Content/PropHunt/Blueprints/Widgets/Game/BP_W_HunterWaitScreen.uasset" 557
"../../../../../Projekte/StopTheProp/Content/PropHunt/Blueprints/Widgets/Game/BP_W_InGameMenu.uasset" 558
"../../../../../Projekte/StopTheProp/Content/PropHunt/Blueprints/Widgets/Game/BP_W_KillFeed.uasset" 559
"../../../../../Projekte/StopTheProp/Content/PropHunt/Blueprints/Widgets/Game/BP_W_LoadingScreen.uasset" 560
"../../../../../Projekte/StopTheProp/Content/PropHunt/Blueprints/Widgets/Game/BP_WE_MatchFinish_Player.uasset" 561
"../../../../../Projekte/StopTheProp/Content/PropHunt/Textures/T_death_icon.uasset" 562
"../../../../../Projekte/StopTheProp/Content/PropHunt/Textures/T_kills_icon.uasset" 563
"../../../../../Projekte/StopTheProp/Content/PropHunt/Textures/T_score_icon.uasset" 564
"../../../../../Projekte/StopTheProp/Content/PropHunt/Blueprints/Widgets/Game/BP_W_MatchFinishScreen.uasset" 565
"../../../../../Projekte/StopTheProp/Content/PropHunt/Blueprints/Widgets/Game/BP_W_ObserverHud.uasset" 566
"../../../../../Projekte/StopTheProp/Content/PropHunt/Blueprints/Widgets/Game/BP_W_PropHideTimer.uasset" 567
"../../../../../Projekte/StopTheProp/Content/PropHunt/Blueprints/Widgets/Game/BP_W_RoundFinishScreen.uasset" 568
"../../../../../Projekte/StopTheProp/Content/PropHunt/Blueprints/Widgets/Game/BP_W_ScoreNotify.uasset" 569
"../../../../../Projekte/StopTheProp/Content/PropHunt/Textures/T_rifle_kills_log_icon.uasset" 570
"../../../../../Projekte/StopTheProp/Content/PropHunt/Blueprints/Widgets/Game/BP_WE_KillFeedMessage.uasset" 571
"../../../../../Projekte/StopTheProp/Content/PropHunt/Blueprints/Widgets/Scoreboard/BP_WE_ScoreBoard_Player.uasset" 572
"../../../../../Projekte/StopTheProp/Content/PropHunt/Textures/T_ping_icon.uasset" 573
"../../../../../Projekte/StopTheProp/Content/PropHunt/Blueprints/Widgets/Scoreboard/BP_W_ScoreBoard.uasset" 574
"../../../../../Projekte/StopTheProp/Content/PropHunt/Blueprints/Kernel/BP_Kernel_HUD.uasset" 575
"../../../../../Projekte/StopTheProp/Content/PropHunt/Content/Animations/Run_Anim.uasset" 576
"../../../../../Projekte/StopTheProp/Content/PropHunt/Content/Animations/ThirdPersonIdle_Anim.uasset" 577
"../../../../../Projekte/StopTheProp/Content/PropHunt/Blueprints/Characters/AnimBP_PropCharacter.uasset" 578
"../../../Engine/Content/Functions/Engine_MaterialFunctions02/Utility/BlendAngleCorrectedNormals.uasset" 579
"../../../Engine/Content/Functions/MaterialLayerFunctions/MatLayerBlend_NormalBlend.uasset" 580
"../../../Engine/Content/Functions/MaterialLayerFunctions/MatLayerBlend_Simple.uasset" 581
"../../../../../Projekte/StopTheProp/Content/PropHunt/Content/Mannequin/Materials/MaterialLayers/T_ML_Rubber_Blue_01_D.uasset" 582
"../../../../../Projekte/StopTheProp/Content/PropHunt/Content/Mannequin/Materials/MaterialLayers/T_ML_Rubber_Blue_01_N.uasset" 583
"../../../../../Projekte/StopTheProp/Content/PropHunt/Content/Mannequin/Materials/MaterialLayers/MF_GlossyBlack_Latex_UE4.uasset" 584
"../../../../../Projekte/StopTheProp/Content/PropHunt/Content/Mannequin/Materials/MaterialLayers/MF_Plastic_Shiny_Beige.uasset" 585
"../../../../../Projekte/StopTheProp/Content/PropHunt/Content/Mannequin/Textures/T_UE4_LOGO_CARD.uasset" 586
"../../../../../Projekte/StopTheProp/Content/PropHunt/Content/Mannequin/Materials/MaterialLayers/MF_Plastic_Shiny_Beige_LOGO.uasset" 587
"../../../../../Projekte/StopTheProp/Content/PropHunt/Content/Mannequin/Materials/MaterialLayers/T_ML_Aluminum01.uasset" 588
"../../../../../Projekte/StopTheProp/Content/PropHunt/Content/Mannequin/Materials/MaterialLayers/T_ML_Aluminum01_N.uasset" 589
"../../../../../Projekte/StopTheProp/Content/PropHunt/Content/Mannequin/Materials/MaterialLayers/MF_SoftMetal_UE4.uasset" 590
"../../../../../Projekte/StopTheProp/Content/PropHunt/Content/Mannequin/Textures/T_UE4_Mannequin__normals.uasset" 591
"../../../../../Projekte/StopTheProp/Content/PropHunt/Content/Mannequin/Textures/T_UE4_Mannequin_MAT_MASKA.uasset" 592
"../../../../../Projekte/StopTheProp/Content/PropHunt/Content/Mannequin/Materials/M_UE4Man_Body.uasset" 593
"../../../../../Projekte/StopTheProp/Content/PropHunt/Content/Mannequin/Materials/MI_UE4Man_Body_Prop.uasset" 594
"../../../../../Projekte/StopTheProp/Content/PropHunt/Textures/T_DamageIndicator.uasset" 595
"../../../../../Projekte/StopTheProp/Content/PropHunt/Blueprints/Widgets/Game/BP_W_DamageIndicator.uasset" 596
"../../../../../Projekte/StopTheProp/Content/PropHunt/Content/Mannequin/Materials/MI_UE4Man_ChestLogo.uasset" 597
"../../../../../Projekte/StopTheProp/Content/PropHunt/Content/Mannequin/Mesh/SK_Mannequin_Physics.uasset" 598
"../../../../../Projekte/StopTheProp/Content/PropHunt/Content/Mannequin/Mesh/SK_Mannequin.uasset" 599
"../../../../../Projekte/StopTheProp/Content/PropHunt/Sounds/SoundAttenuation.uasset" 600
"../../../../../Projekte/StopTheProp/Content/PropHunt/Sounds/Sounds.uasset" 601
"../../../../../Projekte/StopTheProp/Content/PropHunt/Blueprints/Characters/BP_PropCharacter.uasset" 602
"../../../../../Projekte/StopTheProp/Content/PropHunt/Blueprints/Kernel/BP_KernelObserver.uasset" 603
"../../../../../Projekte/StopTheProp/Content/PropHunt/Blueprints/Kernel/BP_Kernel_PS.uasset" 604
"../../../../../Projekte/StopTheProp/Content/PropHunt/Blueprints/Kernel/BP_Kernel_GS.uasset" 605
"../../../../../Projekte/StopTheProp/Content/PropHunt/Blueprints/Data/Map_Structure.uasset" 606
"../../../../../Projekte/StopTheProp/Content/PropHunt/Blueprints/Data/DB_Map.uasset" 607
"../../../../../Projekte/StopTheProp/Content/PropHunt/Textures/T_headshot_icon.uasset" 608
"../../../../../Projekte/StopTheProp/Content/PropHunt/Textures/T_pistol_kills_log_icon.uasset" 609
"../../../../../Projekte/StopTheProp/Content/PropHunt/Blueprints/Helpers/BP_Helpers.uasset" 610
"../../../../../Projekte/StopTheProp/Content/PropHunt/Blueprints/Interfaces/BP_I_Dropable.uasset" 611
"../../../../../Projekte/StopTheProp/Content/PropHunt/Blueprints/Interfaces/BP_I_Focusable.uasset" 612
"../../../../../Projekte/StopTheProp/Content/PropHunt/Blueprints/Interfaces/BP_I_Pickupable.uasset" 613
"../../../../../Projekte/StopTheProp/Content/PropHunt/Materials/M_BulletTrace.uasset" 614
"../../../Engine/Content/BasicShapes/Sphere.uasset" 615
"../../../../../Projekte/StopTheProp/Content/PropHunt/Content/Effects/Textures/LensFlare/T_Flare_02.uasset" 616
"../../../../../Projekte/StopTheProp/Content/PropHunt/Content/Effects/Materials/LensFlare/M_LensFlare_02.uasset" 617
"../../../../../Projekte/StopTheProp/Content/PropHunt/Content/Effects/Materials/Ramp/M_radial_ramp_soft.uasset" 618
"../../../../../Projekte/StopTheProp/Content/PropHunt/Content/Effects/Textures/Smoke/T_Clouds_01.uasset" 619
"../../../../../Projekte/StopTheProp/Content/PropHunt/Content/Effects/Textures/Smoke/T_SmokeBall_01_8_8.uasset" 620
"../../../../../Projekte/StopTheProp/Content/PropHunt/Content/Effects/Materials/Smoke/M_ImpactSmoke.uasset" 621
"../../../../../Projekte/StopTheProp/Content/PropHunt/Content/Effects/Textures/Water/T_Steam_02_Packed.uasset" 622
"../../../../../Projekte/StopTheProp/Content/PropHunt/Content/Effects/Materials/Smoke/M_MuzzleSmokeDetail_GPU.uasset" 623
"../../../../../Projekte/StopTheProp/Content/PropHunt/Content/Effects/Textures/Spark/T_SparkCore_2X2.uasset" 624
"../../../../../Projekte/StopTheProp/Content/PropHunt/Content/Effects/Materials/spark/M_spark_subUV.uasset" 625
"../../../../../Projekte/StopTheProp/Content/PropHunt/Content/Effects/PS_AssaultRifle_HIT.uasset" 626
"../../../../../Projekte/StopTheProp/Content/PropHunt/Blueprints/Weapons/BP_BaseProjectile.uasset" 627
"../../../../../Projekte/StopTheProp/Content/PropHunt/Blueprints/Weapons/BP_CameraRecoilShake.uasset" 628
"../../../../../Projekte/StopTheProp/Content/PropHunt/Blueprints/Weapons/E_ShotingMode.uasset" 629
"../../../../../Projekte/StopTheProp/Content/PropHunt/Content/Effects/BloodHitEffect/T_blood_various.uasset" 630
"../../../../../Projekte/StopTheProp/Content/PropHunt/Content/Effects/BloodHitEffect/T_blood_various_N.uasset" 631
"../../../../../Projekte/StopTheProp/Content/PropHunt/Content/Effects/BloodHitEffect/M_impact_splash_subUV.uasset" 632
"../../../../../Projekte/StopTheProp/Content/PropHunt/Content/Effects/BloodHitEffect/PS_body_bullet_impact.uasset" 633
"../../../../../Projekte/StopTheProp/Content/PropHunt/Content/Effects/Textures/LensFlare/T_Lensflare_01.uasset" 634
"../../../../../Projekte/StopTheProp/Content/PropHunt/Content/Effects/Materials/LensFlare/M_Lensflare_01.uasset" 635
"../../../Engine/Content/Functions/Engine_MaterialFunctions01/Gradient/RadialGradient.uasset" 636
"../../../../../Projekte/StopTheProp/Content/PropHunt/Content/Effects/Materials/Ramp/M_SoftGradient_Muzzle.uasset" 637
"../../../../../Projekte/StopTheProp/Content/PropHunt/Content/Effects/Materials/Smoke/M_SmokeBall.uasset" 638
"../../../../../Projekte/StopTheProp/Content/PropHunt/Content/Effects/Textures/Weapon/T_muzzle_flashes.uasset" 639
"../../../../../Projekte/StopTheProp/Content/PropHunt/Content/Effects/Materials/Weapon/M_muzzle_flash_subUV.uasset" 640
"../../../Engine/Content/Functions/Engine_MaterialFunctions01/Gradient/LinearGradient.uasset" 641
"../../../../../Projekte/StopTheProp/Content/PropHunt/Content/Effects/Textures/Mask/T_SquareMaskTightEdge.uasset" 642
"../../../../../Projekte/StopTheProp/Content/PropHunt/Content/Effects/Textures/Noise/T_TileNoise.uasset" 643
"../../../../../Projekte/StopTheProp/Content/PropHunt/Content/Effects/Materials/Weapon/M_MuzzleGlow.uasset" 644
"../../../../../Projekte/StopTheProp/Content/PropHunt/Content/Effects/Meshes/Weapon/SM_MuzzleCone.uasset" 645
"../../../../../Projekte/StopTheProp/Content/PropHunt/Content/Effects/PS_AssaultRifle_MF.uasset" 646
"../../../../../Projekte/StopTheProp/Content/PropHunt/Materials/M_Weapon.uasset" 647
"../../../../../Projekte/StopTheProp/Content/PropHunt/Content/Meshes/SM_Rifle.uasset" 648
"../../../../../Projekte/StopTheProp/Content/PropHunt/Content/Sounds/S_Rifle_Shot.uasset" 649
"../../../../../Projekte/StopTheProp/Content/PropHunt/Content/Sounds/S_Rifle_Shot_Cue.uasset" 650
"../../../../../Projekte/StopTheProp/Content/PropHunt/Blueprints/Weapons/BP_FirearmWeapon.uasset" 651
"../../../../../Projekte/StopTheProp/Content/PropHunt/Content/Animations/Reload_Pistol_Anim.uasset" 652
"../../../../../Projekte/StopTheProp/Content/PropHunt/Content/Animations/PistolReload_Montage.uasset" 653
"../../../../../Projekte/StopTheProp/Content/PropHunt/Meshes/SM_Pistol.uasset" 654
"../../../../../Projekte/StopTheProp/Content/PropHunt/Blueprints/Weapons/BP_Pistol.uasset" 655
"../../../../../Projekte/StopTheProp/Content/PropHunt/Blueprints/Weapons/BP_Rifle.uasset" 656
"../../../../../Projekte/StopTheProp/Content/PropHunt/Blueprints/Characters/BP_WeaponsManager.uasset" 657
"../../../../../Projekte/StopTheProp/Content/PropHunt/Content/Mannequin/Materials/MI_UE4Man_Body_Hunter.uasset" 658
"../../../../../Projekte/StopTheProp/Content/PropHunt/Blueprints/Widgets/Game/BP_W_HunterDamageIndicator.uasset" 659
"../../../../../Projekte/StopTheProp/Content/PropHunt/Blueprints/Characters/BP_HunterCharacter.uasset" 660
"../../../../../Projekte/StopTheProp/Content/PropHunt/Blueprints/Kernel/BP_Kernel_GM.uasset" 661
"../../../../../Projekte/StopTheProp/Content/PropHunt/Content/Textures/T_Bush_D.uasset" 662
"../../../../../Projekte/StopTheProp/Content/PropHunt/Content/Textures/T_Bush_N.uasset" 663
"../../../../../Projekte/StopTheProp/Content/PropHunt/Content/Props/Materials/M_Bush.uasset" 664
"../../../../../Projekte/StopTheProp/Content/PropHunt/Content/Props/SM_Bush.uasset" 665
"../../../../../Projekte/StopTheProp/Content/PropHunt/Blueprints/Props/BP_BushProp.uasset" 666
"../../../../../Projekte/StopTheProp/Content/PropHunt/Content/Textures/T_Chair_M.uasset" 667
"../../../../../Projekte/StopTheProp/Content/PropHunt/Content/Textures/T_Chair_N.uasset" 668
"../../../../../Projekte/StopTheProp/Content/PropHunt/Content/Props/Materials/M_Chair.uasset" 669
"../../../../../Projekte/StopTheProp/Content/PropHunt/Content/Props/SM_Chair.uasset" 670
"../../../../../Projekte/StopTheProp/Content/PropHunt/Blueprints/Props/BP_ChairProp.uasset" 671
"../../../../../Projekte/StopTheProp/Content/PropHunt/Content/Props/SM_Couch.uasset" 672
"../../../../../Projekte/StopTheProp/Content/PropHunt/Blueprints/Props/BP_CouchProp.uasset" 673
"../../../../../Projekte/StopTheProp/Content/PropHunt/Content/Textures/T_Statue_M.uasset" 674
"../../../../../Projekte/StopTheProp/Content/PropHunt/Content/Textures/T_Statue_N.uasset" 675
"../../../../../Projekte/StopTheProp/Content/PropHunt/Content/Props/Materials/M_Statue.uasset" 676
"../../../../../Projekte/StopTheProp/Content/PropHunt/Content/Props/Materials/M_StatueGlass.uasset" 677
"../../../../../Projekte/StopTheProp/Content/PropHunt/Content/Props/SM_Statue.uasset" 678
"../../../../../Projekte/StopTheProp/Content/PropHunt/Blueprints/Props/BP_StatueProp.uasset" 679
"../../../../../Projekte/StopTheProp/Content/PropHunt/Content/Textures/T_TableRound_M.uasset" 680
"../../../../../Projekte/StopTheProp/Content/PropHunt/Content/Textures/T_TableRound_N.uasset" 681
"../../../../../Projekte/StopTheProp/Content/PropHunt/Content/Props/Materials/M_TableRound.uasset" 682
"../../../../../Projekte/StopTheProp/Content/PropHunt/Content/Props/SM_TableRound.uasset" 683
"../../../../../Projekte/StopTheProp/Content/PropHunt/Blueprints/Props/BP_TableProp.uasset" 684
"../../../../../Projekte/StopTheProp/Content/PropHunt/Maps/ExampleMap_BuiltData.uasset" 685
"../../../Engine/Content/VREditor/BasicMeshes/T_CleanFloorGrunge_01_D.uasset" 686
"../../../Engine/Content/VREditor/BasicMeshes/M_Floor_01.uasset" 687
"../../../../../Projekte/StopTheProp/Content/PropHunt/Materials/M_TilesOrigin.uasset" 688
"../../../../../Projekte/StopTheProp/Content/PropHunt/Materials/MI_Green.uasset" 689
"../../../../../Projekte/StopTheProp/Content/PropHunt/Materials/MI_TilesBlue.uasset" 690
"../../../../../Projekte/StopTheProp/Content/PropHunt/Materials/MI_TilesGray.uasset" 691
"../../../../../Projekte/StopTheProp/Content/PropHunt/Materials/MI_TilesRed.uasset" 692
"../../../Engine/Content/VREditor/BasicMeshes/SM_Room_01.uasset" 693
"../../../../../Projekte/StopTheProp/Content/PropHunt/Maps/ExampleMap.umap" 694
"../../../../../Projekte/StopTheProp/Content/PropHunt/Blueprints/MainMenu/BP_MainMenu_PC.uasset" 695
"../../../../../Projekte/StopTheProp/Content/PropHunt/Blueprints/MainMenu/BP_MainMenu_GM.uasset" 696
"../../../../../Projekte/StopTheProp/Content/PropHunt/Maps/MainMenu.umap" 697
"../../../../../Projekte/StopTheProp/Content/PropHunt/Maps/TestMap_BuiltData.uasset" 698
"../../../Engine/Content/MapTemplates/SM_Template_Map_Floor.uasset" 699
"../../../../../Projekte/StopTheProp/Content/PropHunt/Maps/TestMap.umap" 700
"../../../../../Projekte/StopTheProp/Content/PropHunt/Maps/TransitionMap.umap" 701
